<?xml version="1.0" encoding="UTF-8"?>
<!-- Generated by org.testng.reporters.JUnitReportReporter -->
<testsuite skipped="0" hostname="WKMCR9965103" name="MiscTests" tests="2" failures="0" timestamp="18 Mar 2021 21:56:29 GMT" time="8.728" errors="0">
  <testcase name="ATest_PING_ENDPOINT" time="8.256" classname="MiscTests"/>
  <testcase name="BTest_HomePage_Response" time="0.472" classname="MiscTests"/>
</testsuite> <!-- MiscTests -->
